<?xml version="1.0" encoding="UTF-8"?>
<!-- Generated by org.testng.reporters.JUnitReportReporter -->
<testsuite hostname="LTIN486675" failures="0" tests="6" name="testCases.Test_001_CourseraSearchWebDev" time="23.748" errors="0" timestamp="2024-04-08T11:48:02 IST" skipped="0">
  <testcase classname="testCases.Test_001_CourseraSearchWebDev" name="searchForCourses" time="4.299"/>
  <testcase classname="testCases.Test_001_CourseraSearchWebDev" name="Applyfilters" time="3.434"/>
  <testcase classname="testCases.Test_001_CourseraSearchWebDev" name="selectFirstCourse" time="4.227"/>
  <testcase classname="testCases.Test_001_CourseraSearchWebDev" name="getFirstCourseData" time="6.100"/>
  <testcase classname="testCases.Test_001_CourseraSearchWebDev" name="selectSecondCourse" time="0.181"/>
  <testcase classname="testCases.Test_001_CourseraSearchWebDev" name="getSecondCourseData" time="5.507"/>
</testsuite> <!-- testCases.Test_001_CourseraSearchWebDev -->
