<?xml version="1.0" encoding="UTF-8"?>
<!-- Generated by org.testng.reporters.JUnitReportReporter -->
<testsuite hostname="LTIN486675" failures="0" tests="2" name="testCases.TC4enterprises" time="133.890" errors="0" timestamp="2024-04-08T12:07:04 IST" skipped="0">
  <testcase classname="testCases.TC4enterprises" name="forEnterprise" time="128.545"/>
  <testcase classname="testCases.TC4enterprises" name="submitForm" time="5.345"/>
</testsuite> <!-- testCases.TC4enterprises -->
