<?xml version="1.0" encoding="UTF-8"?>
<!-- Generated by org.testng.reporters.JUnitReportReporter -->
<testsuite hostname="LTIN486675" failures="0" tests="2" name="testCases.TC3Languagelearn" time="71.620" errors="0" timestamp="2024-04-08T11:48:02 IST" skipped="0">
  <testcase classname="testCases.TC3Languagelearn" name="searchbox" time="43.720"/>
  <testcase classname="testCases.TC3Languagelearn" name="languagescourses" time="27.900"/>
</testsuite> <!-- testCases.TC3Languagelearn -->
